{
  "stats": {
    "suites": 1,
    "tests": 2,
    "passes": 2,
    "pending": 0,
    "failures": 0,
    "start": "2026-06-06T20:18:47.586Z",
    "end": "2026-06-06T20:18:47.589Z",
    "duration": 3,
    "testsRegistered": 2,
    "passPercent": 100,
    "pendingPercent": 0,
    "other": 0,
    "hasOther": false,
    "skipped": 0,
    "hasSkipped": false
  },
  "results": [
    {
      "uuid": "2b7aa14d-31be-4bcf-8654-77a5e1984070",
      "title": "",
      "fullFile": "/home/runner/work/pgats-programacao-para-automacao/pgats-programacao-para-automacao/test/servicoDePagamentos.test.js",
      "file": "/test/servicoDePagamentos.test.js",
      "beforeHooks": [],
      "afterHooks": [],
      "tests": [],
      "suites": [
        {
          "uuid": "46a50973-b24d-47c5-aa8b-6e2299ebc6f0",
          "title": "Testes do serviço de pagamentos",
          "fullFile": "/home/runner/work/pgats-programacao-para-automacao/pgats-programacao-para-automacao/test/servicoDePagamentos.test.js",
          "file": "/test/servicoDePagamentos.test.js",
          "beforeHooks": [],
          "afterHooks": [],
          "tests": [
            {
              "title": "Deve cadastrar o pagamento com a categoria padrão quando o valor é igual ou menor do que R$100,00",
              "fullTitle": "Testes do serviço de pagamentos Deve cadastrar o pagamento com a categoria padrão quando o valor é igual ou menor do que R$100,00",
              "timedOut": false,
              "duration": 0,
              "state": "passed",
              "speed": "fast",
              "pass": true,
              "fail": false,
              "pending": false,
              "context": null,
              "code": "const servicoDePagamentos = new ServicoDePagamentos()\nservicoDePagamentos.realizarPagamentos('12345-67890', 'CEMIG', 100)\n\nconst meuPagamento = servicoDePagamentos.consultarUltimoPagamento()\n\nassert.equal(meuPagamento.codigoBarrasPagamento, '12345-67890')\nassert.equal(meuPagamento.beneficiarioPagamento,'CEMIG')\nassert.equal(meuPagamento.valorPagamento, 100)\nassert.equal(meuPagamento.categoriaPagamento,'padrao')",
              "err": {},
              "uuid": "eca14ecb-39fd-49ab-91aa-a85dfbc31e68",
              "parentUUID": "46a50973-b24d-47c5-aa8b-6e2299ebc6f0",
              "isHook": false,
              "skipped": false
            },
            {
              "title": "Deve cadastrar o pagamento com a categoria cara quando o valor é maior que R$100,00",
              "fullTitle": "Testes do serviço de pagamentos Deve cadastrar o pagamento com a categoria cara quando o valor é maior que R$100,00",
              "timedOut": false,
              "duration": 0,
              "state": "passed",
              "speed": "fast",
              "pass": true,
              "fail": false,
              "pending": false,
              "context": null,
              "code": "const servicoDePagamentos = new ServicoDePagamentos()\nservicoDePagamentos.realizarPagamentos('12345-67890', 'CEMIG', 101)\n\nconst meuPagamento = servicoDePagamentos.consultarUltimoPagamento()\n\nassert.equal(meuPagamento.codigoBarrasPagamento, '12345-67890')\nassert.equal(meuPagamento.beneficiarioPagamento,'CEMIG')\nassert.equal(meuPagamento.valorPagamento, 101)\nassert.equal(meuPagamento.categoriaPagamento,'cara')",
              "err": {},
              "uuid": "71722274-eaea-4fba-8c75-b13cd6494db9",
              "parentUUID": "46a50973-b24d-47c5-aa8b-6e2299ebc6f0",
              "isHook": false,
              "skipped": false
            }
          ],
          "suites": [],
          "passes": [
            "eca14ecb-39fd-49ab-91aa-a85dfbc31e68",
            "71722274-eaea-4fba-8c75-b13cd6494db9"
          ],
          "failures": [],
          "pending": [],
          "skipped": [],
          "duration": 0,
          "root": false,
          "rootEmpty": false,
          "_timeout": 2000
        }
      ],
      "passes": [],
      "failures": [],
      "pending": [],
      "skipped": [],
      "duration": 0,
      "root": true,
      "rootEmpty": true,
      "_timeout": 2000
    }
  ],
  "meta": {
    "mocha": {
      "version": "11.7.5"
    },
    "mochawesome": {
      "options": {
        "quiet": false,
        "reportFilename": "mochawesome",
        "saveHtml": true,
        "saveJson": true,
        "consoleReporter": "spec",
        "useInlineDiffs": false,
        "code": true
      },
      "version": "7.1.4"
    },
    "marge": {
      "options": null,
      "version": "6.3.2"
    }
  }
}