{
  "stats": {
    "suites": 1,
    "tests": 2,
    "passes": 2,
    "pending": 0,
    "failures": 0,
    "start": "2026-06-06T19:55:47.545Z",
    "end": "2026-06-06T19:55:47.549Z",
    "duration": 4,
    "testsRegistered": 2,
    "passPercent": 100,
    "pendingPercent": 0,
    "other": 0,
    "hasOther": false,
    "skipped": 0,
    "hasSkipped": false
  },
  "results": [
    {
      "uuid": "9d954cce-1ada-4807-af20-1e8a353d7065",
      "title": "",
      "fullFile": "/home/runner/work/pgats-programacao-para-automacao/pgats-programacao-para-automacao/test/servicoDePagamentos.test.js",
      "file": "/test/servicoDePagamentos.test.js",
      "beforeHooks": [],
      "afterHooks": [],
      "tests": [],
      "suites": [
        {
          "uuid": "04696086-9ed8-4fd9-8966-af56b1e11018",
          "title": "Testes do serviço de pagamentos",
          "fullFile": "/home/runner/work/pgats-programacao-para-automacao/pgats-programacao-para-automacao/test/servicoDePagamentos.test.js",
          "file": "/test/servicoDePagamentos.test.js",
          "beforeHooks": [],
          "afterHooks": [],
          "tests": [
            {
              "title": "Deve cadastrar o pagamento com a categoria padrão quando o valor é igual ou menor do que R$100,00",
              "fullTitle": "Testes do serviço de pagamentos Deve cadastrar o pagamento com a categoria padrão quando o valor é igual ou menor do que R$100,00",
              "timedOut": false,
              "duration": 1,
              "state": "passed",
              "speed": "fast",
              "pass": true,
              "fail": false,
              "pending": false,
              "context": null,
              "code": "const servicoDePagamentos = new ServicoDePagamentos()\nservicoDePagamentos.realizarPagamentos('12345-67890', 'CEMIG', 100)\n\nconst meuPagamento = servicoDePagamentos.consultarUltimoPagamento()\n\nassert.equal(meuPagamento.codigoBarrasPagamento, '12345-67890')\nassert.equal(meuPagamento.beneficiarioPagamento,'CEMIG')\nassert.equal(meuPagamento.valorPagamento, 100)\nassert.equal(meuPagamento.categoriaPagamento,'padrao')",
              "err": {},
              "uuid": "ca2427b5-ede8-47f2-a8dc-a2f8ff83eac7",
              "parentUUID": "04696086-9ed8-4fd9-8966-af56b1e11018",
              "isHook": false,
              "skipped": false
            },
            {
              "title": "Deve cadastrar o pagamento com a categoria cara quando o valor é maior que R$100,00",
              "fullTitle": "Testes do serviço de pagamentos Deve cadastrar o pagamento com a categoria cara quando o valor é maior que R$100,00",
              "timedOut": false,
              "duration": 0,
              "state": "passed",
              "speed": "fast",
              "pass": true,
              "fail": false,
              "pending": false,
              "context": null,
              "code": "const servicoDePagamentos = new ServicoDePagamentos()\nservicoDePagamentos.realizarPagamentos('12345-67890', 'CEMIG', 101)\n\nconst meuPagamento = servicoDePagamentos.consultarUltimoPagamento()\n\nassert.equal(meuPagamento.codigoBarrasPagamento, '12345-67890')\nassert.equal(meuPagamento.beneficiarioPagamento,'CEMIG')\nassert.equal(meuPagamento.valorPagamento, 101)\nassert.equal(meuPagamento.categoriaPagamento,'cara')",
              "err": {},
              "uuid": "5fa3d3d3-7f4e-4689-9b29-f07dbaa96237",
              "parentUUID": "04696086-9ed8-4fd9-8966-af56b1e11018",
              "isHook": false,
              "skipped": false
            }
          ],
          "suites": [],
          "passes": [
            "ca2427b5-ede8-47f2-a8dc-a2f8ff83eac7",
            "5fa3d3d3-7f4e-4689-9b29-f07dbaa96237"
          ],
          "failures": [],
          "pending": [],
          "skipped": [],
          "duration": 1,
          "root": false,
          "rootEmpty": false,
          "_timeout": 2000
        }
      ],
      "passes": [],
      "failures": [],
      "pending": [],
      "skipped": [],
      "duration": 0,
      "root": true,
      "rootEmpty": true,
      "_timeout": 2000
    }
  ],
  "meta": {
    "mocha": {
      "version": "11.7.5"
    },
    "mochawesome": {
      "options": {
        "quiet": false,
        "reportFilename": "mochawesome",
        "saveHtml": true,
        "saveJson": true,
        "consoleReporter": "spec",
        "useInlineDiffs": false,
        "code": true
      },
      "version": "7.1.4"
    },
    "marge": {
      "options": null,
      "version": "6.3.2"
    }
  }
}